error getting split_second_part of: 
error getting first_name of: 
error getting number from 
<class 'apps.disciplineform.models.DoesNotExist'>for student "" using the number -
error getting split_second_part of: 
error getting first_name of: 
error getting number from 
<class 'apps.disciplineform.models.DoesNotExist'>for student "" using the number -
error getting split_second_part of: 
error getting first_name of: 
error getting number from 
<class 'apps.disciplineform.models.DoesNotExist'>for student "" using the number -
error getting split_second_part of: 
error getting first_name of: 
error getting number from 
<class 'apps.disciplineform.models.DoesNotExist'>for student "" using the number -
error getting split_second_part of: 
error getting first_name of: 
error getting number from 
<class 'apps.disciplineform.models.DoesNotExist'>for student "" using the number -
error getting split_second_part of: 
error getting first_name of: 
error getting number from 
<class 'apps.disciplineform.models.DoesNotExist'>for student "" using the number -
error getting split_second_part of: 
error getting first_name of: 
error getting number from 
<class 'apps.disciplineform.models.DoesNotExist'>for student "" using the number -
error getting split_second_part of: 
error getting first_name of: 
error getting number from 
<class 'apps.disciplineform.models.DoesNotExist'>for student "" using the number -
error getting split_second_part of: 
error getting first_name of: 
error getting number from 
<class 'apps.disciplineform.models.DoesNotExist'>for student "" using the number -
error getting split_second_part of: 
error getting first_name of: 
error getting number from 
<class 'apps.disciplineform.models.DoesNotExist'>for student "" using the number -
error getting split_second_part of: 
error getting first_name of: 
error getting number from 
<class 'apps.disciplineform.models.DoesNotExist'>for student "" using the number -
error getting split_second_part of: 
error getting first_name of: 
error getting number from 
<class 'apps.disciplineform.models.DoesNotExist'>for student "" using the number -
error finding Incident with mi_incident_id=1128509261
error getting number from Baughman, Kali
<class 'apps.disciplineform.models.DoesNotExist'>for student "Baughman, Kali" using the number -
error getting split_second_part of: Baum Jacob - 6921104
error getting first_name of: Baum Jacob - 6921104
error getting number from Baum Jacob - 6921104
<class 'apps.disciplineform.models.DoesNotExist'>for student "Baum Jacob - 6921104" using the number -
error getting split_second_part of: Buddin Jamari - 9002463
error getting first_name of: Buddin Jamari - 9002463
error getting number from Buddin Jamari - 9002463
<class 'apps.disciplineform.models.DoesNotExist'>for student "Buddin Jamari - 9002463" using the number -
error getting number from CALDWELL, BREANNA
<class 'apps.disciplineform.models.DoesNotExist'>for student "CALDWELL, BREANNA" using the number -
error getting number from CALDWELL, BREANNA
<class 'apps.disciplineform.models.DoesNotExist'>for student "CALDWELL, BREANNA" using the number -
error getting number from Caldwell, Breanna
<class 'apps.disciplineform.models.DoesNotExist'>for student "Caldwell, Breanna" using the number -
error getting number from Caldwell, Breanna
<class 'apps.disciplineform.models.DoesNotExist'>for student "Caldwell, Breanna" using the number -
error getting number from Cannon, Jonathan
<class 'apps.disciplineform.models.DoesNotExist'>for student "Cannon, Jonathan" using the number -
<class 'apps.disciplineform.models.DoesNotExist'>for student "Cannon, Jonathan - 9004023" using the number -9004023
error getting split_second_part of: Cross Brandon - 2921187
error getting first_name of: Cross Brandon - 2921187
error getting number from Cross Brandon - 2921187
<class 'apps.disciplineform.models.DoesNotExist'>for student "Cross Brandon - 2921187" using the number -
error getting split_second_part of: Cumming
error getting first_name of: Cumming
error getting number from Cumming
<class 'apps.disciplineform.models.DoesNotExist'>for student "Cumming" using the number -
error getting split_second_part of: Daggett Emelis - 3922010
error getting first_name of: Daggett Emelis - 3922010
error getting number from Daggett Emelis - 3922010
<class 'apps.disciplineform.models.DoesNotExist'>for student "Daggett Emelis - 3922010" using the number -
error finding Incident with mi_incident_id=1127209031
<class 'apps.disciplineform.models.DoesNotExist'>for student "Darby, Zeif - 9004034" using the number -9004034
error finding Incident with mi_incident_id=1127707551
error getting split_second_part of: depa
error getting first_name of: depa
error getting number from depa
<class 'apps.disciplineform.models.DoesNotExist'>for student "depa" using the number -
error getting number from EL-HORR, HISHAM
<class 'apps.disciplineform.models.DoesNotExist'>for student "EL-HORR, HISHAM" using the number -
<class 'apps.disciplineform.models.DoesNotExist'>for student "Evans II, Corinna - 9003996" using the number -9003996
<class 'apps.disciplineform.models.DoesNotExist'>for student "Evans III, Gilbert - 9004000" using the number -9004000
<class 'apps.disciplineform.models.DoesNotExist'>for student "Evans, Arthur - 9003995" using the number -9003995
<class 'apps.disciplineform.models.DoesNotExist'>for student "Evans, Arthur - 9003995" using the number -9003995
error getting number from FISHER,IACAB
<class 'apps.disciplineform.models.DoesNotExist'>for student "FISHER,IACAB" using the number -
error getting number from FISHER,IACAB
<class 'apps.disciplineform.models.DoesNotExist'>for student "FISHER,IACAB" using the number -
error getting split_second_part of: Frazier Jordan - 9000506
error getting first_name of: Frazier Jordan - 9000506
error getting number from Frazier Jordan - 9000506
<class 'apps.disciplineform.models.DoesNotExist'>for student "Frazier Jordan - 9000506" using the number -
error getting split_second_part of: Freshcorn Hanna - 1931338
error getting first_name of: Freshcorn Hanna - 1931338
error getting number from Freshcorn Hanna - 1931338
<class 'apps.disciplineform.models.DoesNotExist'>for student "Freshcorn Hanna - 1931338" using the number -
error getting split_second_part of: Gary III Anthony - 1040186
error getting first_name of: Gary III Anthony - 1040186
error getting number from Gary III Anthony - 1040186
<class 'apps.disciplineform.models.DoesNotExist'>for student "Gary III Anthony - 1040186" using the number -
error getting split_second_part of: Gary III Anthony - 1040186
error getting first_name of: Gary III Anthony - 1040186
error getting number from Gary III Anthony - 1040186
<class 'apps.disciplineform.models.DoesNotExist'>for student "Gary III Anthony - 1040186" using the number -
error finding Incident with mi_incident_id=1127108071
error finding Incident with mi_incident_id=1127108071
error finding Incident with mi_incident_id=1127108071
error getting split_second_part of: Gawthrop Devin - 9001877
error getting first_name of: Gawthrop Devin - 9001877
error getting number from Gawthrop Devin - 9001877
<class 'apps.disciplineform.models.DoesNotExist'>for student "Gawthrop Devin - 9001877" using the number -
error getting split_second_part of: Gering Collin - 9000340
error getting first_name of: Gering Collin - 9000340
error getting number from Gering Collin - 9000340
<class 'apps.disciplineform.models.DoesNotExist'>for student "Gering Collin - 9000340" using the number -
error finding Incident with mi_incident_id=1127209031
error finding Incident with mi_incident_id=1127209031
error getting number from Griffen, Corinne
<class 'apps.disciplineform.models.DoesNotExist'>for student "Griffen, Corinne" using the number -
error getting split_second_part of: Guthrie Jacob - 1922349
error getting first_name of: Guthrie Jacob - 1922349
error getting number from Guthrie Jacob - 1922349
<class 'apps.disciplineform.models.DoesNotExist'>for student "Guthrie Jacob - 1922349" using the number -
error getting split_second_part of: Harness Jacob - 6921224
error getting first_name of: Harness Jacob - 6921224
error getting number from Harness Jacob - 6921224
<class 'apps.disciplineform.models.DoesNotExist'>for student "Harness Jacob - 6921224" using the number -
error getting number from Johnson, Amiyah
<class 'apps.disciplineform.models.DoesNotExist'>for student "Johnson, Amiyah" using the number -
error getting number from Johnson, Amiyah
<class 'apps.disciplineform.models.DoesNotExist'>for student "Johnson, Amiyah" using the number -
<class 'apps.disciplineform.models.DoesNotExist'>for student "Johnson, Amiyah - 9004011" using the number -9004011
error getting split_second_part of: Jonas Goncalves
error getting first_name of: Jonas Goncalves
error getting number from Jonas Goncalves
<class 'apps.disciplineform.models.DoesNotExist'>for student "Jonas Goncalves" using the number -
error getting split_second_part of: Keyes Chandler - 7000354
error getting first_name of: Keyes Chandler - 7000354
error getting number from Keyes Chandler - 7000354
<class 'apps.disciplineform.models.DoesNotExist'>for student "Keyes Chandler - 7000354" using the number -
error getting split_second_part of: Mack Anthony - 9002856
error getting first_name of: Mack Anthony - 9002856
error getting number from Mack Anthony - 9002856
<class 'apps.disciplineform.models.DoesNotExist'>for student "Mack Anthony - 9002856" using the number -
error getting split_second_part of: Maddox III Wendell - 2921688
error getting first_name of: Maddox III Wendell - 2921688
error getting number from Maddox III Wendell - 2921688
<class 'apps.disciplineform.models.DoesNotExist'>for student "Maddox III Wendell - 2921688" using the number -
error getting number from MAYFELD,DORIEN
<class 'apps.disciplineform.models.DoesNotExist'>for student "MAYFELD,DORIEN" using the number -
error getting split_second_part of: mb
error getting first_name of: mb
error getting number from mb
<class 'apps.disciplineform.models.DoesNotExist'>for student "mb" using the number -
error getting number from McCollough, Brandon
<class 'apps.disciplineform.models.DoesNotExist'>for student "McCollough, Brandon" using the number -
error getting number from McIntyre, Legends
<class 'apps.disciplineform.models.DoesNotExist'>for student "McIntyre, Legends" using the number -
<class 'apps.disciplineform.models.DoesNotExist'>for student "McIntyre, Legends - 9004025" using the number -9004025
error getting split_second_part of: Mitchell Jr Joseph - 1921051
error getting first_name of: Mitchell Jr Joseph - 1921051
error getting number from Mitchell Jr Joseph - 1921051
<class 'apps.disciplineform.models.DoesNotExist'>for student "Mitchell Jr Joseph - 1921051" using the number -
error getting split_second_part of: Moore Briana - 3922214
error getting first_name of: Moore Briana - 3922214
error getting number from Moore Briana - 3922214
<class 'apps.disciplineform.models.DoesNotExist'>for student "Moore Briana - 3922214" using the number -
error getting split_second_part of: Nyarko Nana - 9001753
error getting first_name of: Nyarko Nana - 9001753
error getting number from Nyarko Nana - 9001753
<class 'apps.disciplineform.models.DoesNotExist'>for student "Nyarko Nana - 9001753" using the number -
error finding Incident with mi_incident_id=1127108071
error getting split_second_part of: Palmer Matthew - 6921251
error getting first_name of: Palmer Matthew - 6921251
error getting number from Palmer Matthew - 6921251
<class 'apps.disciplineform.models.DoesNotExist'>for student "Palmer Matthew - 6921251" using the number -
error finding Incident with mi_incident_id=1128509261
error getting split_second_part of: Rogowski Charles - 3922006
error getting first_name of: Rogowski Charles - 3922006
error getting number from Rogowski Charles - 3922006
<class 'apps.disciplineform.models.DoesNotExist'>for student "Rogowski Charles - 3922006" using the number -
error getting split_second_part of: Rose Jackson - 9001991
error getting first_name of: Rose Jackson - 9001991
error getting number from Rose Jackson - 9001991
<class 'apps.disciplineform.models.DoesNotExist'>for student "Rose Jackson - 9001991" using the number -
error getting split_second_part of: Scherdt Dakota - 1921607
error getting first_name of: Scherdt Dakota - 1921607
error getting number from Scherdt Dakota - 1921607
<class 'apps.disciplineform.models.DoesNotExist'>for student "Scherdt Dakota - 1921607" using the number -
error getting split_second_part of: Scott Briana - 4922466
error getting first_name of: Scott Briana - 4922466
error getting number from Scott Briana - 4922466
<class 'apps.disciplineform.models.DoesNotExist'>for student "Scott Briana - 4922466" using the number -
error getting split_second_part of: Shane Baker
error getting first_name of: Shane Baker
error getting number from Shane Baker
<class 'apps.disciplineform.models.DoesNotExist'>for student "Shane Baker" using the number -
error getting split_second_part of: Sierra Morton
error getting first_name of: Sierra Morton
error getting number from Sierra Morton
<class 'apps.disciplineform.models.DoesNotExist'>for student "Sierra Morton" using the number -
error getting split_second_part of: Smith Alex - 2921519
error getting first_name of: Smith Alex - 2921519
error getting number from Smith Alex - 2921519
<class 'apps.disciplineform.models.DoesNotExist'>for student "Smith Alex - 2921519" using the number -
<class 'apps.disciplineform.models.DoesNotExist'>for student "Taylor, Phillip - 900" using the number -900
error getting split_second_part of: TRESHAWN WALKER-SCOTT
error getting first_name of: TRESHAWN WALKER-SCOTT
error getting number from TRESHAWN WALKER-SCOTT
<class 'apps.disciplineform.models.DoesNotExist'>for student "TRESHAWN WALKER-SCOTT" using the number -
error getting number from Vonsteeg, Jewel
<class 'apps.disciplineform.models.DoesNotExist'>for student "Vonsteeg, Jewel" using the number -
error getting split_second_part of: Walker Scott Treshawn - 7000520
error getting first_name of: Walker Scott Treshawn - 7000520
error getting number from Walker Scott Treshawn - 7000520
<class 'apps.disciplineform.models.DoesNotExist'>for student "Walker Scott Treshawn - 7000520" using the number -
error getting number from WALKER-SCOTT, TRESHAWN
<class 'apps.disciplineform.models.DoesNotExist'>for student "WALKER-SCOTT, TRESHAWN" using the number -
error getting number from WILLIAMS, JEJUAN
<class 'apps.disciplineform.models.DoesNotExist'>for student "WILLIAMS, JEJUAN" using the number -
error getting split_second_part of: Willis Bryon - 9001080
error getting first_name of: Willis Bryon - 9001080
error getting number from Willis Bryon - 9001080
<class 'apps.disciplineform.models.DoesNotExist'>for student "Willis Bryon - 9001080" using the number -
error getting split_second_part of: Yea
error getting first_name of: Yea
error getting number from Yea
<class 'apps.disciplineform.models.DoesNotExist'>for student "Yea" using the number -
